<?xml version="1.0" encoding="UTF-8"?>
<testsuite xmlns:xsi="http://www.w3.org/2001/XMLSchema-instance" xsi:noNamespaceSchemaLocation="https://maven.apache.org/surefire/maven-surefire-plugin/xsd/surefire-test-report.xsd" name="BookingTests" time="9.96" tests="3" errors="1" skipped="0" failures="0">
  <properties>
[...]
</properties>
  <testcase name="CreateBooking_WithValidData_returnOk" classname="BookingTests" time="3.793">
    <error message="com.fasterxml.jackson.core.JsonParseException: Unrecognized token &apos;Internal&apos;: was expecting (JSON String, Number, Array, Object or token &apos;null&apos;, &apos;true&apos; or &apos;false&apos;)&#10; at [Source: (StringReader); line: 1, column: 9]" type="io.restassured.module.jsv.JsonSchemaValidationException">io.restassured.module.jsv.JsonSchemaValidationException: 
com.fasterxml.jackson.core.JsonParseException: Unrecognized token 'Internal': was expecting (JSON String, Number, Array, Object or token 'null', 'true' or 'false')
 at [Source: (StringReader); line: 1, column: 9]
	at BookingTests.CreateBooking_WithValidData_returnOk(BookingTests.java:111)
Caused by: com.fasterxml.jackson.core.JsonParseException: 
Unrecognized token 'Internal': was expecting (JSON String, Number, Array, Object or token 'null', 'true' or 'false')
 at [Source: (StringReader); line: 1, column: 9]
	at BookingTests.CreateBooking_WithValidData_returnOk(BookingTests.java:111)
</error>
    <system-out><![CDATA[teste
Request method:	POST
Request URI:	https://restful-booker.herokuapp.com/booking
Proxy:			<none>
Request params:	<none>
Query params:	<none>
Form params:	<none>
Path params:	<none>
Headers:		Accept=*/*
				Content-Type=application/json
Cookies:		<none>
Multiparts:		<none>
Body:
{
    "lastname": "Wilbert",
    "firstname": "Schulist",
    "totalprice": 211.23,
    "depositpaid": true,
    "bookingDates": {
        "checkin": "2018-01-02",
        "checkout": "2018-01-03"
    },
    "additionalneeds": ""
}
HTTP/1.1 500 Internal Server Error
Server: Cowboy
Connection: keep-alive
X-Powered-By: Express
Content-Type: text/plain; charset=utf-8
Content-Length: 21
Etag: W/"15-/6VXivhc2MKdLfIkLcUE47K6aH0"
Date: Sat, 07 Jan 2023 20:13:35 GMT
Via: 1.1 vegur

Internal Server Error
HTTP/1.1 500 Internal Server Error
Server: Cowboy
Connection: keep-alive
X-Powered-By: Express
Content-Type: text/plain; charset=utf-8
Content-Length: 21
Etag: W/"15-/6VXivhc2MKdLfIkLcUE47K6aH0"
Date: Sat, 07 Jan 2023 20:13:35 GMT
Via: 1.1 vegur

Internal Server Error
]]></system-out>
  </testcase>
  <testcase name="getAllBookingsById_returnOk" classname="BookingTests" time="2.032"/>
  <testcase name="getAllBookingsByUserFirtName_BookingExists_ReturnOk" classname="BookingTests" time="2.752"/>
</testsuite>